f:\t2移植版本\avm_stitch - 副本\port\avm_stitch\debug\vc120.pdb
f:\t2移植版本\avm_stitch - 副本\port\avm_stitch\debug\vc120.idb
f:\t2移植版本\avm_stitch - 副本\port\avm_stitch\debug\camera_model.obj
f:\t2移植版本\avm_stitch - 副本\port\avm_stitch\debug\image_process.obj
f:\t2移植版本\avm_stitch - 副本\port\avm_stitch\debug\vehicle_info.obj
f:\t2移植版本\avm_stitch - 副本\port\avm_stitch\debug\opencv.obj
f:\t2移植版本\avm_stitch - 副本\port\avm_stitch\debug\avm_interface.obj
f:\t2移植版本\avm_stitch - 副本\port\avm_stitch\debug\3d_licheng.obj
f:\t2移植版本\avm_stitch - 副本\port\avm_stitch\debug\avm_config.obj
f:\t2移植版本\avm_stitch - 副本\port\avm_stitch\debug\avm_load_parameter.obj
f:\t2移植版本\avm_stitch - 副本\port\avm_stitch\debug\avm_main_driver.obj
f:\t2移植版本\avm_stitch - 副本\port\avm_stitch\debug\avm_utility.obj
f:\t2移植版本\avm_stitch - 副本\port\avm_stitch\debug\draw_static_dynamic_line.obj
f:\t2移植版本\avm_stitch - 副本\port\avm_stitch\debug\fwrite_bin.obj
f:\t2移植版本\avm_stitch - 副本\port\avm_stitch\debug\generate_3_view_lut.obj
f:\t2移植版本\avm_stitch - 副本\port\avm_stitch\debug\generate_4_view_lut.obj
f:\t2移植版本\avm_stitch - 副本\port\avm_stitch\debug\generate_amba_table.obj
f:\t2移植版本\avm_stitch - 副本\port\avm_stitch\debug\handle_picture_major_process.obj
f:\t2移植版本\avm_stitch - 副本\port\avm_stitch\debug\resolve_data.obj
f:\t2移植版本\avm_stitch - 副本\port\avm_stitch\debug\single_view.obj
f:\t2移植版本\avm_stitch - 副本\port\avm_stitch\debug\math_common.obj
f:\t2移植版本\avm_stitch - 副本\port\avm_stitch\debug\avm_stitch.pdb
f:\t2移植版本\avm_stitch - 副本\port\avm_stitch\debug\avm_stitch.tlog\cl.command.1.tlog
f:\t2移植版本\avm_stitch - 副本\port\avm_stitch\debug\avm_stitch.tlog\cl.read.1.tlog
f:\t2移植版本\avm_stitch - 副本\port\avm_stitch\debug\avm_stitch.tlog\cl.write.1.tlog
f:\t2移植版本\avm_stitch - 副本\port\avm_stitch\debug\avm_stitch.tlog\link.13176-cvtres.read.1.tlog
f:\t2移植版本\avm_stitch - 副本\port\avm_stitch\debug\avm_stitch.tlog\link.13176-cvtres.write.1.tlog
f:\t2移植版本\avm_stitch - 副本\port\avm_stitch\debug\avm_stitch.tlog\link.13176-rc.read.1.tlog
f:\t2移植版本\avm_stitch - 副本\port\avm_stitch\debug\avm_stitch.tlog\link.13176-rc.write.1.tlog
f:\t2移植版本\avm_stitch - 副本\port\avm_stitch\debug\avm_stitch.tlog\link.13176.read.1.tlog
f:\t2移植版本\avm_stitch - 副本\port\avm_stitch\debug\avm_stitch.tlog\link.13176.write.1.tlog
f:\t2移植版本\avm_stitch - 副本\port\avm_stitch\debug\avm_stitch.tlog\link.command.1.tlog
f:\t2移植版本\avm_stitch - 副本\port\avm_stitch\debug\avm_stitch.tlog\link.read.1.tlog
f:\t2移植版本\avm_stitch - 副本\port\avm_stitch\debug\avm_stitch.tlog\link.write.1.tlog
