e:\王卫鑫最后一版球外参 _求解准确\拼接模块工程代码\avm_stitch - 副本\port\avm_stitch\x64\debug\vc120.pdb
e:\王卫鑫最后一版球外参 _求解准确\拼接模块工程代码\avm_stitch - 副本\port\avm_stitch\x64\debug\vc120.idb
e:\王卫鑫最后一版球外参 _求解准确\拼接模块工程代码\avm_stitch - 副本\port\avm_stitch\x64\debug\camera_model.obj
e:\王卫鑫最后一版球外参 _求解准确\拼接模块工程代码\avm_stitch - 副本\port\avm_stitch\x64\debug\image_process.obj
e:\王卫鑫最后一版球外参 _求解准确\拼接模块工程代码\avm_stitch - 副本\port\avm_stitch\x64\debug\vehicle_info.obj
e:\王卫鑫最后一版球外参 _求解准确\拼接模块工程代码\avm_stitch - 副本\port\avm_stitch\x64\debug\opencv.obj
e:\王卫鑫最后一版球外参 _求解准确\拼接模块工程代码\avm_stitch - 副本\port\avm_stitch\x64\debug\avm_interface.obj
e:\王卫鑫最后一版球外参 _求解准确\拼接模块工程代码\avm_stitch - 副本\port\avm_stitch\x64\debug\3d_licheng.obj
e:\王卫鑫最后一版球外参 _求解准确\拼接模块工程代码\avm_stitch - 副本\port\avm_stitch\x64\debug\avm_config.obj
e:\王卫鑫最后一版球外参 _求解准确\拼接模块工程代码\avm_stitch - 副本\port\avm_stitch\x64\debug\avm_load_parameter.obj
e:\王卫鑫最后一版球外参 _求解准确\拼接模块工程代码\avm_stitch - 副本\port\avm_stitch\x64\debug\avm_main_driver.obj
e:\王卫鑫最后一版球外参 _求解准确\拼接模块工程代码\avm_stitch - 副本\port\avm_stitch\x64\debug\avm_utility.obj
e:\王卫鑫最后一版球外参 _求解准确\拼接模块工程代码\avm_stitch - 副本\port\avm_stitch\x64\debug\draw_static_dynamic_line.obj
e:\王卫鑫最后一版球外参 _求解准确\拼接模块工程代码\avm_stitch - 副本\port\avm_stitch\x64\debug\fwrite_bin.obj
e:\王卫鑫最后一版球外参 _求解准确\拼接模块工程代码\avm_stitch - 副本\port\avm_stitch\x64\debug\generate_3_view_lut.obj
e:\王卫鑫最后一版球外参 _求解准确\拼接模块工程代码\avm_stitch - 副本\port\avm_stitch\x64\debug\generate_4_view_lut.obj
e:\王卫鑫最后一版球外参 _求解准确\拼接模块工程代码\avm_stitch - 副本\port\avm_stitch\x64\debug\generate_amba_table.obj
e:\王卫鑫最后一版球外参 _求解准确\拼接模块工程代码\avm_stitch - 副本\port\avm_stitch\x64\debug\handle_picture_major_process.obj
e:\王卫鑫最后一版球外参 _求解准确\拼接模块工程代码\avm_stitch - 副本\port\avm_stitch\x64\debug\resolve_data.obj
e:\王卫鑫最后一版球外参 _求解准确\拼接模块工程代码\avm_stitch - 副本\port\avm_stitch\x64\debug\single_view.obj
e:\王卫鑫最后一版球外参 _求解准确\拼接模块工程代码\avm_stitch - 副本\port\avm_stitch\x64\debug\math_common.obj
e:\王卫鑫最后一版球外参 _求解准确\拼接模块工程代码\avm_stitch - 副本\port\avm_stitch\x64\debug\avm_stitch.ilk
e:\王卫鑫最后一版球外参 _求解准确\拼接模块工程代码\avm_stitch - 副本\port\avm_stitch\x64\debug\avm_stitch.exe
e:\王卫鑫最后一版球外参 _求解准确\拼接模块工程代码\avm_stitch - 副本\port\avm_stitch\x64\debug\avm_stitch.pdb
e:\王卫鑫最后一版球外参 _求解准确\拼接模块工程代码\avm_stitch - 副本\port\avm_stitch\x64\debug\avm_stitch.tlog\cl.command.1.tlog
e:\王卫鑫最后一版球外参 _求解准确\拼接模块工程代码\avm_stitch - 副本\port\avm_stitch\x64\debug\avm_stitch.tlog\cl.read.1.tlog
e:\王卫鑫最后一版球外参 _求解准确\拼接模块工程代码\avm_stitch - 副本\port\avm_stitch\x64\debug\avm_stitch.tlog\cl.write.1.tlog
e:\王卫鑫最后一版球外参 _求解准确\拼接模块工程代码\avm_stitch - 副本\port\avm_stitch\x64\debug\avm_stitch.tlog\link.command.1.tlog
e:\王卫鑫最后一版球外参 _求解准确\拼接模块工程代码\avm_stitch - 副本\port\avm_stitch\x64\debug\avm_stitch.tlog\link.read.1.tlog
e:\王卫鑫最后一版球外参 _求解准确\拼接模块工程代码\avm_stitch - 副本\port\avm_stitch\x64\debug\avm_stitch.tlog\link.write.1.tlog
