f:\t2移植版本\avm_stitch - 副本\port\avm_stitch\release\vc120.pdb
f:\t2移植版本\avm_stitch - 副本\port\avm_stitch\release\single_view.obj
f:\t2移植版本\avm_stitch - 副本\port\avm_stitch\release\resolve_data.obj
f:\t2移植版本\avm_stitch - 副本\port\avm_stitch\release\handle_picture_major_process.obj
f:\t2移植版本\avm_stitch - 副本\port\avm_stitch\release\generate_amba_table.obj
f:\t2移植版本\avm_stitch - 副本\port\avm_stitch\release\generate_4_view_lut.obj
f:\t2移植版本\avm_stitch - 副本\port\avm_stitch\release\generate_3_view_lut.obj
f:\t2移植版本\avm_stitch - 副本\port\avm_stitch\release\fwrite_bin.obj
f:\t2移植版本\avm_stitch - 副本\port\avm_stitch\release\draw_static_dynamic_line.obj
f:\t2移植版本\avm_stitch - 副本\port\avm_stitch\release\avm_utility.obj
f:\t2移植版本\avm_stitch - 副本\port\avm_stitch\release\avm_main_driver.obj
f:\t2移植版本\avm_stitch - 副本\port\avm_stitch\release\avm_load_parameter.obj
f:\t2移植版本\avm_stitch - 副本\port\avm_stitch\release\avm_config.obj
f:\t2移植版本\avm_stitch - 副本\port\avm_stitch\release\3d_licheng.obj
f:\t2移植版本\avm_stitch - 副本\port\avm_stitch\release\avm_interface.obj
f:\t2移植版本\avm_stitch - 副本\port\avm_stitch\release\opencv.obj
f:\t2移植版本\avm_stitch - 副本\port\avm_stitch\release\vehicle_info.obj
f:\t2移植版本\avm_stitch - 副本\port\avm_stitch\release\image_process.obj
f:\t2移植版本\avm_stitch - 副本\port\avm_stitch\release\camera_model.obj
f:\t2移植版本\avm_stitch - 副本\port\avm_stitch\release\math_common.obj
f:\t2移植版本\avm_stitch - 副本\port\avm_stitch\release\avm_stitch.exe
f:\t2移植版本\avm_stitch - 副本\port\avm_stitch\release\avm_stitch.pdb
f:\t2移植版本\avm_stitch - 副本\port\avm_stitch\release\avm_stitch.tlog\cl.command.1.tlog
f:\t2移植版本\avm_stitch - 副本\port\avm_stitch\release\avm_stitch.tlog\cl.read.1.tlog
f:\t2移植版本\avm_stitch - 副本\port\avm_stitch\release\avm_stitch.tlog\cl.write.1.tlog
f:\t2移植版本\avm_stitch - 副本\port\avm_stitch\release\avm_stitch.tlog\link.command.1.tlog
f:\t2移植版本\avm_stitch - 副本\port\avm_stitch\release\avm_stitch.tlog\link.read.1.tlog
f:\t2移植版本\avm_stitch - 副本\port\avm_stitch\release\avm_stitch.tlog\link.write.1.tlog
