c:\users\intesight\desktop\工作交接工程\s32v工程\avm_stitch - 副本\port\avm_stitch\x64\release\vc120.pdb
c:\users\intesight\desktop\工作交接工程\s32v工程\avm_stitch - 副本\port\avm_stitch\x64\release\single_view.obj
c:\users\intesight\desktop\工作交接工程\s32v工程\avm_stitch - 副本\port\avm_stitch\x64\release\resolve_data.obj
c:\users\intesight\desktop\工作交接工程\s32v工程\avm_stitch - 副本\port\avm_stitch\x64\release\handle_picture_major_process.obj
c:\users\intesight\desktop\工作交接工程\s32v工程\avm_stitch - 副本\port\avm_stitch\x64\release\generate_amba_table.obj
c:\users\intesight\desktop\工作交接工程\s32v工程\avm_stitch - 副本\port\avm_stitch\x64\release\generate_4_view_lut.obj
c:\users\intesight\desktop\工作交接工程\s32v工程\avm_stitch - 副本\port\avm_stitch\x64\release\generate_3_view_lut.obj
c:\users\intesight\desktop\工作交接工程\s32v工程\avm_stitch - 副本\port\avm_stitch\x64\release\fwrite_bin.obj
c:\users\intesight\desktop\工作交接工程\s32v工程\avm_stitch - 副本\port\avm_stitch\x64\release\draw_static_dynamic_line.obj
c:\users\intesight\desktop\工作交接工程\s32v工程\avm_stitch - 副本\port\avm_stitch\x64\release\avm_utility.obj
c:\users\intesight\desktop\工作交接工程\s32v工程\avm_stitch - 副本\port\avm_stitch\x64\release\avm_main_driver.obj
c:\users\intesight\desktop\工作交接工程\s32v工程\avm_stitch - 副本\port\avm_stitch\x64\release\avm_load_parameter.obj
c:\users\intesight\desktop\工作交接工程\s32v工程\avm_stitch - 副本\port\avm_stitch\x64\release\avm_config.obj
c:\users\intesight\desktop\工作交接工程\s32v工程\avm_stitch - 副本\port\avm_stitch\x64\release\3d_licheng.obj
c:\users\intesight\desktop\工作交接工程\s32v工程\avm_stitch - 副本\port\avm_stitch\x64\release\avm_interface.obj
c:\users\intesight\desktop\工作交接工程\s32v工程\avm_stitch - 副本\port\avm_stitch\x64\release\opencv.obj
c:\users\intesight\desktop\工作交接工程\s32v工程\avm_stitch - 副本\port\avm_stitch\x64\release\vehicle_info.obj
c:\users\intesight\desktop\工作交接工程\s32v工程\avm_stitch - 副本\port\avm_stitch\x64\release\image_process.obj
c:\users\intesight\desktop\工作交接工程\s32v工程\avm_stitch - 副本\port\avm_stitch\x64\release\camera_model.obj
c:\users\intesight\desktop\工作交接工程\s32v工程\avm_stitch - 副本\port\avm_stitch\x64\release\math_common.obj
c:\users\intesight\desktop\工作交接工程\s32v工程\avm_stitch - 副本\port\avm_stitch\x64\release\avm_stitch.exe
c:\users\intesight\desktop\工作交接工程\s32v工程\avm_stitch - 副本\port\avm_stitch\x64\release\avm_stitch.pdb
c:\users\intesight\desktop\工作交接工程\s32v工程\avm_stitch - 副本\port\avm_stitch\x64\release\avm_stitch.tlog\cl.command.1.tlog
c:\users\intesight\desktop\工作交接工程\s32v工程\avm_stitch - 副本\port\avm_stitch\x64\release\avm_stitch.tlog\cl.read.1.tlog
c:\users\intesight\desktop\工作交接工程\s32v工程\avm_stitch - 副本\port\avm_stitch\x64\release\avm_stitch.tlog\cl.write.1.tlog
c:\users\intesight\desktop\工作交接工程\s32v工程\avm_stitch - 副本\port\avm_stitch\x64\release\avm_stitch.tlog\link.command.1.tlog
c:\users\intesight\desktop\工作交接工程\s32v工程\avm_stitch - 副本\port\avm_stitch\x64\release\avm_stitch.tlog\link.read.1.tlog
c:\users\intesight\desktop\工作交接工程\s32v工程\avm_stitch - 副本\port\avm_stitch\x64\release\avm_stitch.tlog\link.write.1.tlog
